<?xml version="1.0" encoding="UTF-8"?>
<testsuites name="restful-booker" tests="9" time="3.571">
  <testsuite name="get all the booking id list" id="0dbf9592-988a-4cb2-b503-e7a26288b66a" timestamp="2025-04-16T12:01:38.337Z" tests="1" failures="0" errors="0" time="1.644">
    <testcase name="Status code is 200" time="1.644" classname="GetAllTheBookingIdList"/>
  </testsuite>
  <testsuite name="Booking - CreateBooking Creates a new booking in the API" id="85b84a9e-15d1-4fad-8443-fce587e9f45b" timestamp="2025-04-16T12:01:38.337Z" tests="4" failures="0" errors="0" time="0.245">
    <testcase name="Status code is 200" time="0.245" classname="BookingCreateBookingCreatesANewBookingInTheApi"/>
    <testcase name="Response time is less than 500ms" time="0.245" classname="BookingCreateBookingCreatesANewBookingInTheApi"/>
    <testcase name="Response body contains specific text" time="0.245" classname="BookingCreateBookingCreatesANewBookingInTheApi"/>
    <testcase name="Extract booking id and set as collection variable" time="0.245" classname="BookingCreateBookingCreatesANewBookingInTheApi"/>
  </testsuite>
  <testsuite name="Book get by id" id="4bc37ab8-b1ed-4d86-b7d4-83b3056b227f" timestamp="2025-04-16T12:01:38.337Z" tests="2" failures="0" errors="0" time="0.231">
    <testcase name="Status code is 200" time="0.231" classname="BookGetById"/>
    <testcase name="Verify the body content" time="0.231" classname="BookGetById"/>
  </testsuite>
  <testsuite name="get all the booking get by user name" id="6aafc77e-8fee-42ea-94b3-9f9ff51bf6c3" timestamp="2025-04-16T12:01:38.337Z" tests="2" failures="1" errors="0" time="0.228">
    <testcase name="Response status code is 200 " time="0.228" classname="GetAllTheBookingGetByUserName"/>
    <testcase name="Verify response contains correct values" time="0.228" classname="GetAllTheBookingGetByUserName">
      <failure type="AssertionFailure" message="expected undefined to deeply equal 15591">
        <![CDATA[Failed 1 times.]]>
        <![CDATA[Collection JSON ID: 5d1e2eb9-7f07-4aad-9133-b0745cd9f043.]]>
        <![CDATA[Collection name: restful-booker.]]>
        <![CDATA[Request name: get all the booking get by user name.]]>
        <![CDATA[Test description: Verify response contains correct values.]]>
        <![CDATA[Error message: expected undefined to deeply equal 15591.]]>
        <![CDATA[Stacktrace: AssertionError: expected undefined to deeply equal 15591
   at Object.eval sandbox-script.js:2:4).]]>
      </failure>
    </testcase>
  </testsuite>
  <testsuite name="user retrun the book check in and check out details" id="ba7ac70f-a7bd-45fc-ad89-794dd1bd1306" timestamp="2025-04-16T12:01:38.337Z" tests="3" failures="2" errors="0" time="0.232">
    <testcase name="Status code is 200" time="0.232" classname="UserRetrunTheBookCheckInAndCheckOutDetails"/>
    <testcase name="Response time is less than 200ms" time="0.232" classname="UserRetrunTheBookCheckInAndCheckOutDetails">
      <failure type="AssertionFailure" message="expected 232 to be below 200">
        <![CDATA[Failed 1 times.]]>
        <![CDATA[Collection JSON ID: 5d1e2eb9-7f07-4aad-9133-b0745cd9f043.]]>
        <![CDATA[Collection name: restful-booker.]]>
        <![CDATA[Request name: user retrun the book check in and check out details.]]>
        <![CDATA[Test description: Response time is less than 200ms.]]>
        <![CDATA[Error message: expected 232 to be below 200.]]>
        <![CDATA[Stacktrace: AssertionError: expected 232 to be below 200
   at Object.eval sandbox-script.js:2:5).]]>
      </failure>
    </testcase>
    <testcase name="Verify response body text" time="0.232" classname="UserRetrunTheBookCheckInAndCheckOutDetails">
      <failure type="AssertionFailure" message="expected '[]' to include 1">
        <![CDATA[Failed 1 times.]]>
        <![CDATA[Collection JSON ID: 5d1e2eb9-7f07-4aad-9133-b0745cd9f043.]]>
        <![CDATA[Collection name: restful-booker.]]>
        <![CDATA[Request name: user retrun the book check in and check out details.]]>
        <![CDATA[Test description: Verify response body text.]]>
        <![CDATA[Error message: expected '[]' to include 1.]]>
        <![CDATA[Stacktrace: AssertionError: expected '[]' to include 1
   at Object.eval sandbox-script.js:3:5).]]>
      </failure>
    </testcase>
  </testsuite>
  <testsuite name="create the token in the api" id="b9c8c731-8b31-438b-b182-770b5c4d320b" timestamp="2025-04-16T12:01:38.337Z" tests="2" failures="0" errors="0" time="0.233">
    <testcase name="Response code is 200" time="0.233" classname="CreateTheTokenInTheApi"/>
    <testcase name="Response code text is OK" time="0.233" classname="CreateTheTokenInTheApi"/>
  </testsuite>
  <testsuite name="Booking - UpdateBooking Updates a current booking" id="b3fa7589-0eeb-4d44-9d90-e2b66da33491" timestamp="2025-04-16T12:01:38.337Z" tests="0" failures="0" errors="0" time="0.229"/>
  <testsuite name="Booking - PartialUpdateBooking Updates a current booking with a partial payload" id="05386266-e66e-4c24-a752-a540d4558124" timestamp="2025-04-16T12:01:38.337Z" tests="1" failures="0" errors="0" time="0.253">
    <testcase name="Status code is 200" time="0.253" classname="BookingPartialUpdateBookingUpdatesACurrentBookingWithAPartialPayload"/>
  </testsuite>
  <testsuite name="Booking - DeleteBooking Returns the ids of all the bookings that exist within the API. Can take optional query strings to search and return a subset of booking ids." id="27bc7040-d432-42d1-9573-90f18ed73fd5" timestamp="2025-04-16T12:01:38.337Z" tests="1" failures="0" errors="0" time="0.276">
    <testcase name="Status code is 201" time="0.276" classname="BookingDeleteBookingReturnsTheIdsOfAllTheBookingsThatExistWithinTheApiCanTakeOptionalQueryStringsToSearchAndReturnASubsetOfBookingIds"/>
  </testsuite>
</testsuites>